Tuesday:12/19/2017|10:59:43:292 - [INFO]   - [VIETLOTT][message]: [INFO]App listen at port: 9898
Tuesday:12/19/2017|11:0:20:615 - [INFO]   - [VIETLOTT][message]: [INFO]App listen at port: 9898
Tuesday:12/19/2017|11:0:51:933 - [INFO]   - [IoTSmartHome][message]: [INFO]App listen at port: 9898
Tuesday:12/19/2017|11:25:39:37 - [INFO]   - [IoTSmartHome][message]: user is connected. socket id: appbc4KErTv_h4ttAAAA
Tuesday:12/19/2017|11:35:11:555 - [INFO]   - [IoTSmartHome][message]: user disconnected
Tuesday:12/19/2017|11:37:18:518 - [INFO]   - [IoTSmartHome][message]: [INFO]App listen at port: 9898
Tuesday:12/19/2017|11:45:44:759 - [INFO]   - [IoTSmartHome][message]: user is connected. socket id: Z5QQdXMG0O4BSk3zAAAA
Tuesday:12/19/2017|11:47:37:717 - [INFO]   - [IoTSmartHome][message]: user disconnected
Tuesday:12/19/2017|11:47:40:46 - [INFO]   - [IoTSmartHome][message]: user is connected. socket id: 9cjV8WPPCk4v0iIMAAAB
Tuesday:12/19/2017|11:48:7:38 - [INFO]   - [IoTSmartHome][message]: [INFO]App listen at port: 9898
Tuesday:12/19/2017|11:48:9:27 - [INFO]   - [IoTSmartHome][message]: user is connected. socket id: pfriBgzZ2FWWSL05AAAA
Tuesday:12/19/2017|11:48:28:650 - [INFO]   - [IoTSmartHome][message]: [INFO]App listen at port: 9898
Tuesday:12/19/2017|11:48:35:591 - [INFO]   - [IoTSmartHome][message]: user is connected. socket id: Wcdj04xvQ6Zec68ZAAAA
Tuesday:12/19/2017|11:48:58:401 - [INFO]   - [IoTSmartHome][message]: [INFO]App listen at port: 9898
Tuesday:12/19/2017|11:49:1:570 - [INFO]   - [IoTSmartHome][message]: user is connected. socket id: 4ZmJ6M-Cxsf-nP76AAAA
Tuesday:12/19/2017|11:50:31:87 - [INFO]   - [IoTSmartHome][message]: [INFO]App listen at port: 9898
Tuesday:12/19/2017|11:50:33:988 - [INFO]   - [IoTSmartHome][message]: user is connected. socket id: HpEja775XbbnI2HPAAAA
Tuesday:12/19/2017|11:51:28:86 - [INFO]   - [IoTSmartHome][message]: user is connected. socket id: Rf-z0sUP80ssBU6dAAAB
Tuesday:12/19/2017|11:51:49:613 - [INFO]   - [IoTSmartHome][message]: user is connected. socket id: b4s6Xk2tuh3-n-LPAAAC
Tuesday:12/19/2017|11:52:7:762 - [INFO]   - [IoTSmartHome][message]: user is connected. socket id: SkJ4XcCIILLkWYMGAAAD
Tuesday:12/19/2017|11:53:9:886 - [INFO]   - [IoTSmartHome][message]: user disconnected
Tuesday:12/19/2017|11:53:14:616 - [INFO]   - [IoTSmartHome][message]: user disconnected
Tuesday:12/19/2017|11:53:43:822 - [INFO]   - [IoTSmartHome][message]: [INFO]App listen at port: 9898
Tuesday:12/19/2017|11:53:45:15 - [INFO]   - [IoTSmartHome][message]: User is connected. socket id: hTMf7le527YAEesHAAAA
Tuesday:12/19/2017|11:53:54:531 - [INFO]   - [IoTSmartHome][message]: User is connected. socket id: l6iha2J4JhLA4XjGAAAB
Tuesday:12/19/2017|11:54:57:888 - [INFO]   - [IoTSmartHome][message]: [INFO]App listen at port: 9898
Tuesday:12/19/2017|11:55:6:3 - [INFO]   - [IoTSmartHome][message]: User is connected. socket id: KyrcZ0bgIxWeThpkAAAA
Tuesday:12/19/2017|11:55:34:559 - [INFO]   - [IoTSmartHome][message]: User is connected. socket id: jrYrl2Ha_BDr-G1EAAAB
Tuesday:12/19/2017|11:58:44:348 - [INFO]   - [IoTSmartHome][message]: User is connected. socket id: ESCrV0id8Ilft2zjAAAC
Tuesday:12/19/2017|11:59:28:114 - [INFO]   - [IoTSmartHome][message]: jrYrl2Ha_BDr-G1EAAABis disconnected
Tuesday:12/19/2017|12:0:6:321 - [INFO]   - [IoTSmartHome][message]: [INFO]App listen at port: 9898
Tuesday:12/19/2017|12:0:8:619 - [INFO]   - [IoTSmartHome][message]: User is connected. socket id: iOh41teB3_GPPe7aAAAA
Tuesday:12/19/2017|12:0:16:64 - [INFO]   - [IoTSmartHome][message]: User is connected. socket id: yxXA3c0pqtMdwYZLAAAB
Tuesday:12/19/2017|12:0:55:625 - [INFO]   - [IoTSmartHome][message]: User is connected. socket id: zpgPmK3KhwPNloXEAAAC
Tuesday:12/19/2017|12:1:33:615 - [INFO]   - [IoTSmartHome][message]: iOh41teB3_GPPe7aAAAAis disconnected
Tuesday:12/19/2017|12:36:19:285 - [INFO]   - [IoTSmartHome][message]: [INFO]App listen at port: 9898
Tuesday:12/19/2017|12:36:21:933 - [INFO]   - [IoTSmartHome][message]: User is connected. socket id: 3N_4l7dvetw4fwaQAAAA
Tuesday:12/19/2017|12:36:22:387 - [INFO]   - [IoTSmartHome][message]: User is connected. socket id: THnvnjHF99NBZWlMAAAB
Tuesday:12/19/2017|12:36:52:16 - [INFO]   - [IoTSmartHome][message]: User is connected. socket id: THnvnjHF99NBZWlMAAAB
Tuesday:12/19/2017|12:36:57:231 - [INFO]   - [IoTSmartHome][message]: User is connected. socket id: THnvnjHF99NBZWlMAAAB
Tuesday:12/19/2017|12:37:34:479 - [INFO]   - [IoTSmartHome][message]: THnvnjHF99NBZWlMAAABis disconnected
Tuesday:12/19/2017|12:38:29:170 - [INFO]   - [IoTSmartHome][message]: User is connected. socket id: 8LcLSUAKZvjD6dShAAAC
Tuesday:12/19/2017|12:39:10:849 - [INFO]   - [IoTSmartHome][message]: 3N_4l7dvetw4fwaQAAAAis disconnected
Tuesday:12/19/2017|12:39:46:586 - [INFO]   - [IoTSmartHome][message]: User is connected. socket id: z676PmWeM4x0Ka-ZAAAD
Tuesday:12/19/2017|12:40:28:12 - [INFO]   - [IoTSmartHome][message]: 8LcLSUAKZvjD6dShAAACis disconnected
Tuesday:12/19/2017|12:40:53:853 - [INFO]   - [IoTSmartHome][message]: User is connected. socket id: TnCYLvXSpAnBd9kzAAAE
Tuesday:12/19/2017|12:41:11:582 - [INFO]   - [IoTSmartHome][message]: z676PmWeM4x0Ka-ZAAADis disconnected
Tuesday:12/19/2017|12:41:19:461 - [INFO]   - [IoTSmartHome][message]: [INFO]App listen at port: 9898
Tuesday:12/19/2017|12:41:24:996 - [INFO]   - [IoTSmartHome][message]: [INFO]App listen at port: 9898
Tuesday:12/19/2017|12:42:8:192 - [INFO]   - [IoTSmartHome][message]: User is connected. socket id: WkpM5illyJNdD7NcAAAA
Tuesday:12/19/2017|12:42:31:214 - [INFO]   - [IoTSmartHome][message]: {"temp":26}
Tuesday:12/19/2017|12:42:31:221 - [INFO]   - [IoTSmartHome][message]: {"temp":26}
Tuesday:12/19/2017|12:42:31:225 - [INFO]   - [IoTSmartHome][message]: {"temp":25}
Tuesday:12/19/2017|12:42:31:228 - [INFO]   - [IoTSmartHome][message]: {"temp":26}
Tuesday:12/19/2017|12:42:31:230 - [INFO]   - [IoTSmartHome][message]: {"temp":25}
Tuesday:12/19/2017|12:42:31:236 - [INFO]   - [IoTSmartHome][message]: {"temp":26}
Tuesday:12/19/2017|12:42:31:241 - [INFO]   - [IoTSmartHome][message]: {"temp":26}
Tuesday:12/19/2017|12:42:31:247 - [INFO]   - [IoTSmartHome][message]: {"temp":26}
Tuesday:12/19/2017|12:42:31:252 - [INFO]   - [IoTSmartHome][message]: {"temp":26}
Tuesday:12/19/2017|12:42:31:258 - [INFO]   - [IoTSmartHome][message]: {"temp":26}
Tuesday:12/19/2017|12:42:31:265 - [INFO]   - [IoTSmartHome][message]: {"temp":26}
Tuesday:12/19/2017|12:42:31:269 - [INFO]   - [IoTSmartHome][message]: {"temp":26}
Tuesday:12/19/2017|12:42:31:275 - [INFO]   - [IoTSmartHome][message]: {"temp":26}
Tuesday:12/19/2017|12:42:31:289 - [INFO]   - [IoTSmartHome][message]: {"temp":26}
Tuesday:12/19/2017|12:42:31:292 - [INFO]   - [IoTSmartHome][message]: {"temp":26}
Tuesday:12/19/2017|12:42:31:297 - [INFO]   - [IoTSmartHome][message]: {"temp":26}
Tuesday:12/19/2017|12:42:31:302 - [INFO]   - [IoTSmartHome][message]: {"temp":26}
Tuesday:12/19/2017|12:42:31:309 - [INFO]   - [IoTSmartHome][message]: {"temp":26}
Tuesday:12/19/2017|12:42:34:897 - [INFO]   - [IoTSmartHome][message]: {"temp":26}
Tuesday:12/19/2017|12:42:38:281 - [INFO]   - [IoTSmartHome][message]: {"temp":26}
Tuesday:12/19/2017|12:42:41:676 - [INFO]   - [IoTSmartHome][message]: {"temp":26}
Tuesday:12/19/2017|12:42:45:31 - [INFO]   - [IoTSmartHome][message]: {"temp":26}
Tuesday:12/19/2017|12:42:48:430 - [INFO]   - [IoTSmartHome][message]: {"temp":26}
Tuesday:12/19/2017|12:42:51:795 - [INFO]   - [IoTSmartHome][message]: {"temp":26}
Tuesday:12/19/2017|12:42:55:178 - [INFO]   - [IoTSmartHome][message]: {"temp":26}
Tuesday:12/19/2017|12:42:58:470 - [INFO]   - [IoTSmartHome][message]: {"temp":26}
Tuesday:12/19/2017|12:43:1:930 - [INFO]   - [IoTSmartHome][message]: {"temp":26}
Tuesday:12/19/2017|12:43:5:332 - [INFO]   - [IoTSmartHome][message]: {"temp":26}
Tuesday:12/19/2017|12:43:8:691 - [INFO]   - [IoTSmartHome][message]: {"temp":26}
Tuesday:12/19/2017|12:43:12:67 - [INFO]   - [IoTSmartHome][message]: {"temp":26}
Tuesday:12/19/2017|12:43:15:346 - [INFO]   - [IoTSmartHome][message]: {"temp":26}
Tuesday:12/19/2017|12:43:18:830 - [INFO]   - [IoTSmartHome][message]: {"temp":26}
Tuesday:12/19/2017|12:43:19:794 - [INFO]   - [IoTSmartHome][message]: [INFO]App listen at port: 9898
Tuesday:12/19/2017|12:43:22:130 - [INFO]   - [IoTSmartHome][message]: User is connected. socket id: p8mORaRulPyzdbR3AAAA
Tuesday:12/19/2017|12:44:8:928 - [INFO]   - [IoTSmartHome][message]: User is connected. socket id: gQN4I7CZrFXXfUjCAAAB
Tuesday:12/19/2017|12:44:35:320 - [INFO]   - [IoTSmartHome][message]: {"temp":26,"humi":51}
Tuesday:12/19/2017|12:44:35:327 - [INFO]   - [IoTSmartHome][message]: {"temp":26,"humi":50}
Tuesday:12/19/2017|12:44:35:331 - [INFO]   - [IoTSmartHome][message]: {"temp":26,"humi":51}
Tuesday:12/19/2017|12:44:35:338 - [INFO]   - [IoTSmartHome][message]: {"temp":26,"humi":51}
Tuesday:12/19/2017|12:44:40:543 - [INFO]   - [IoTSmartHome][message]: {"temp":26,"humi":51}
Tuesday:12/19/2017|12:44:45:455 - [INFO]   - [IoTSmartHome][message]: {"temp":26,"humi":50}
Tuesday:12/19/2017|12:44:47:125 - [INFO]   - [IoTSmartHome][message]: p8mORaRulPyzdbR3AAAAis disconnected
Tuesday:12/19/2017|12:44:50:388 - [INFO]   - [IoTSmartHome][message]: {"temp":26,"humi":50}
Tuesday:12/19/2017|12:44:55:621 - [INFO]   - [IoTSmartHome][message]: {"temp":26,"humi":50}
Tuesday:12/19/2017|12:44:59:2 - [INFO]   - [IoTSmartHome][message]: User is connected. socket id: N3wHrsjVG_hV6jLGAAAC
Tuesday:12/19/2017|12:45:8:811 - [INFO]   - [IoTSmartHome][message]: {"temp":26,"humi":51}
Tuesday:12/19/2017|12:45:13:622 - [INFO]   - [IoTSmartHome][message]: gQN4I7CZrFXXfUjCAAABis disconnected
Tuesday:12/19/2017|12:46:38:215 - [INFO]   - [IoTSmartHome][message]: User is connected. socket id: cwtUspAe-P_CdqvUAAAD
Tuesday:12/19/2017|12:46:48:380 - [INFO]   - [IoTSmartHome][message]: [INFO]App listen at port: 9898
Tuesday:12/19/2017|12:46:58:140 - [INFO]   - [IoTSmartHome][message]: User is connected. socket id: A0clRN8t9AnLcouUAAAA
Tuesday:12/19/2017|12:47:20:91 - [INFO]   - [IoTSmartHome][message]: User is connected. socket id: A0clRN8t9AnLcouUAAAA
Tuesday:12/19/2017|12:47:32:376 - [INFO]   - [IoTSmartHome][message]: User is connected. socket id: A0clRN8t9AnLcouUAAAA
Tuesday:12/19/2017|12:48:8:839 - [INFO]   - [IoTSmartHome][message]: User is connected. socket id: _aKRzfuVKHZ1Z34hAAAB
Tuesday:12/19/2017|12:48:54:198 - [INFO]   - [IoTSmartHome][message]: User is connected. socket id: A0clRN8t9AnLcouUAAAA
Tuesday:12/19/2017|12:49:2:664 - [INFO]   - [IoTSmartHome][message]: User is connected. socket id: A0clRN8t9AnLcouUAAAA
Tuesday:12/19/2017|12:49:4:132 - [INFO]   - [IoTSmartHome][message]: User is connected. socket id: p3iWstU8080UlWk1AAAC
Tuesday:12/19/2017|12:49:30:542 - [INFO]   - [IoTSmartHome][message]: {"temp":25,"humi":48}
Tuesday:12/19/2017|12:49:30:546 - [INFO]   - [IoTSmartHome][message]: {"temp":26,"humi":49}
Tuesday:12/19/2017|12:49:30:562 - [INFO]   - [IoTSmartHome][message]: {"temp":26,"humi":50}
Tuesday:12/19/2017|12:49:30:567 - [INFO]   - [IoTSmartHome][message]: {"temp":26,"humi":50}
Tuesday:12/19/2017|12:49:33:840 - [INFO]   - [IoTSmartHome][message]: _aKRzfuVKHZ1Z34hAAABis disconnected
Tuesday:12/19/2017|12:49:35:945 - [INFO]   - [IoTSmartHome][message]: {"temp":25,"humi":49}
Tuesday:12/19/2017|12:49:40:689 - [INFO]   - [IoTSmartHome][message]: {"temp":26,"humi":50}
Tuesday:12/19/2017|12:49:45:597 - [INFO]   - [IoTSmartHome][message]: {"temp":26,"humi":50}
Tuesday:12/19/2017|12:49:50:817 - [INFO]   - [IoTSmartHome][message]: {"temp":26,"humi":50}
Tuesday:12/19/2017|12:50:4:27 - [INFO]   - [IoTSmartHome][message]: {"temp":26,"humi":50}
Tuesday:12/19/2017|12:50:8:953 - [INFO]   - [IoTSmartHome][message]: p3iWstU8080UlWk1AAACis disconnected
Tuesday:12/19/2017|12:50:41:617 - [INFO]   - [IoTSmartHome][message]: [INFO]App listen at port: 9898
Tuesday:12/19/2017|12:50:51:345 - [INFO]   - [IoTSmartHome][message]: User is connected. socket id: zGHe-tfM9vVo7vzYAAAA
Tuesday:12/19/2017|12:51:33:479 - [INFO]   - [IoTSmartHome][message]: User is connected. socket id: WxulIozo0uUMDiDqAAAB
Tuesday:12/19/2017|12:51:56:499 - [INFO]   - [IoTSmartHome][message]: {"temp":26,"humi":50}
Tuesday:12/19/2017|12:51:56:504 - [INFO]   - [IoTSmartHome][message]: {"temp":25,"humi":49}
Tuesday:12/19/2017|12:51:56:507 - [INFO]   - [IoTSmartHome][message]: {"temp":26,"humi":50}
Tuesday:12/19/2017|12:51:56:511 - [INFO]   - [IoTSmartHome][message]: {"temp":26,"humi":50}
Tuesday:12/19/2017|12:52:1:697 - [INFO]   - [IoTSmartHome][message]: {"temp":26,"humi":50}
Tuesday:12/19/2017|12:52:6:513 - [INFO]   - [IoTSmartHome][message]: {"temp":26,"humi":50}
Tuesday:12/19/2017|12:52:11:824 - [INFO]   - [IoTSmartHome][message]: {"temp":26,"humi":49}
Tuesday:12/19/2017|12:52:16:621 - [INFO]   - [IoTSmartHome][message]: {"temp":26,"humi":49}
Tuesday:12/19/2017|12:52:21:661 - [INFO]   - [IoTSmartHome][message]: {"temp":26,"humi":49}
Tuesday:12/19/2017|12:52:26:581 - [INFO]   - [IoTSmartHome][message]: {"temp":26,"humi":49}
Tuesday:12/19/2017|12:52:31:819 - [INFO]   - [IoTSmartHome][message]: {"temp":26,"humi":50}
Tuesday:12/19/2017|12:52:56:949 - [INFO]   - [IoTSmartHome][message]: {"temp":26,"humi":50}
Tuesday:12/19/2017|12:53:2:226 - [INFO]   - [IoTSmartHome][message]: {"temp":26,"humi":50}
Tuesday:12/19/2017|12:53:6:946 - [INFO]   - [IoTSmartHome][message]: {"temp":26,"humi":50}
Tuesday:12/19/2017|12:53:12:36 - [INFO]   - [IoTSmartHome][message]: {"temp":26,"humi":49}
Tuesday:12/19/2017|12:53:17:266 - [INFO]   - [IoTSmartHome][message]: {"temp":26,"humi":49}
Tuesday:12/19/2017|12:53:22:121 - [INFO]   - [IoTSmartHome][message]: {"temp":26,"humi":49}
Tuesday:12/19/2017|12:53:27:96 - [INFO]   - [IoTSmartHome][message]: {"temp":26,"humi":49}
Tuesday:12/19/2017|12:53:32:12 - [INFO]   - [IoTSmartHome][message]: {"temp":26,"humi":50}
Tuesday:12/19/2017|12:53:57:350 - [INFO]   - [IoTSmartHome][message]: zGHe-tfM9vVo7vzYAAAAis disconnected
Tuesday:12/19/2017|12:54:5:509 - [INFO]   - [IoTSmartHome][message]: User is connected. socket id: gHXHd9EjkPyfSKfYAAAC
Tuesday:12/19/2017|12:54:10:467 - [INFO]   - [IoTSmartHome][message]: {"temp":26,"humi":49}
Tuesday:12/19/2017|12:54:15:636 - [INFO]   - [IoTSmartHome][message]: {"temp":26,"humi":50}
Tuesday:12/19/2017|12:54:20:553 - [INFO]   - [IoTSmartHome][message]: {"temp":26,"humi":50}
Tuesday:12/19/2017|12:54:25:770 - [INFO]   - [IoTSmartHome][message]: {"temp":26,"humi":49}
Tuesday:12/19/2017|12:54:30:689 - [INFO]   - [IoTSmartHome][message]: {"temp":26,"humi":50}
Tuesday:12/19/2017|12:54:35:601 - [INFO]   - [IoTSmartHome][message]: {"temp":26,"humi":49}
Tuesday:12/19/2017|12:54:40:416 - [INFO]   - [IoTSmartHome][message]: gHXHd9EjkPyfSKfYAAACis disconnected
Tuesday:12/19/2017|12:54:40:476 - [INFO]   - [IoTSmartHome][message]: {"temp":26,"humi":49}
Tuesday:12/19/2017|12:54:45:710 - [INFO]   - [IoTSmartHome][message]: {"temp":26,"humi":50}
Tuesday:12/19/2017|12:54:48:483 - [INFO]   - [IoTSmartHome][message]: User is connected. socket id: zZFksw0rTu-MXbPdAAAD
Tuesday:12/19/2017|12:55:9:398 - [INFO]   - [IoTSmartHome][message]: {"temp":26,"humi":49}
Tuesday:12/19/2017|12:55:14:610 - [INFO]   - [IoTSmartHome][message]: {"temp":26,"humi":49}
Tuesday:12/19/2017|12:55:19:536 - [INFO]   - [IoTSmartHome][message]: {"temp":26,"humi":49}
Tuesday:12/19/2017|12:55:24:397 - [INFO]   - [IoTSmartHome][message]: {"temp":26,"humi":49}
Tuesday:12/19/2017|12:55:29:395 - [INFO]   - [IoTSmartHome][message]: {"temp":26,"humi":50}
Tuesday:12/19/2017|12:55:34:397 - [INFO]   - [IoTSmartHome][message]: {"temp":26,"humi":50}
Tuesday:12/19/2017|12:55:39:497 - [INFO]   - [IoTSmartHome][message]: {"temp":26,"humi":49}
Tuesday:12/19/2017|12:55:44:415 - [INFO]   - [IoTSmartHome][message]: {"temp":26,"humi":50}
Tuesday:12/19/2017|12:56:23:92 - [INFO]   - [IoTSmartHome][message]: {"temp":26,"humi":50}
Tuesday:12/19/2017|12:56:28:271 - [INFO]   - [IoTSmartHome][message]: {"temp":26,"humi":50}
Tuesday:12/19/2017|12:56:33:262 - [INFO]   - [IoTSmartHome][message]: {"temp":26,"humi":49}
Tuesday:12/19/2017|12:56:38:186 - [INFO]   - [IoTSmartHome][message]: {"temp":26,"humi":50}
Tuesday:12/19/2017|12:56:43:95 - [INFO]   - [IoTSmartHome][message]: {"temp":26,"humi":49}
Tuesday:12/19/2017|12:56:48:97 - [INFO]   - [IoTSmartHome][message]: {"temp":26,"humi":49}
Tuesday:12/19/2017|12:56:53:98 - [INFO]   - [IoTSmartHome][message]: {"temp":26,"humi":50}
Tuesday:12/19/2017|12:56:58:139 - [INFO]   - [IoTSmartHome][message]: {"temp":26,"humi":50}
Tuesday:12/19/2017|12:57:49:151 - [INFO]   - [IoTSmartHome][message]: User is connected. socket id: o465eUCuejF-gLuhAAAE
Tuesday:12/19/2017|12:57:51:31 - [INFO]   - [IoTSmartHome][message]: WxulIozo0uUMDiDqAAABis disconnected
Tuesday:12/19/2017|12:57:59:769 - [INFO]   - [IoTSmartHome][message]: zZFksw0rTu-MXbPdAAADis disconnected
Tuesday:12/19/2017|12:58:9:104 - [INFO]   - [IoTSmartHome][message]: {"temp":29,"humi":60}
Tuesday:12/19/2017|12:58:9:107 - [INFO]   - [IoTSmartHome][message]: {"temp":29,"humi":44}
Tuesday:12/19/2017|12:58:9:110 - [INFO]   - [IoTSmartHome][message]: {"temp":28,"humi":44}
Tuesday:12/19/2017|12:58:9:117 - [INFO]   - [IoTSmartHome][message]: {"temp":28,"humi":44}
Tuesday:12/19/2017|12:58:14:331 - [INFO]   - [IoTSmartHome][message]: {"temp":28,"humi":44}
Tuesday:12/19/2017|12:58:19:267 - [INFO]   - [IoTSmartHome][message]: {"temp":28,"humi":44}
Tuesday:12/19/2017|12:58:24:120 - [INFO]   - [IoTSmartHome][message]: {"temp":28,"humi":44}
Tuesday:12/19/2017|12:58:29:388 - [INFO]   - [IoTSmartHome][message]: {"temp":28,"humi":44}
Tuesday:12/19/2017|12:58:41:670 - [INFO]   - [IoTSmartHome][message]: {"temp":28,"humi":44}
Tuesday:12/19/2017|12:58:46:599 - [INFO]   - [IoTSmartHome][message]: o465eUCuejF-gLuhAAAEis disconnected
Tuesday:12/19/2017|12:59:58:834 - [INFO]   - [IoTSmartHome][message]: User is connected. socket id: kdSq44t67EuNZdeRAAAF
Tuesday:12/19/2017|13:0:7:103 - [INFO]   - [IoTSmartHome][message]: User is connected. socket id: 3zwcOlJwRvpvSZ8ZAAAG
Tuesday:12/19/2017|13:0:24:582 - [INFO]   - [IoTSmartHome][message]: {"temp":28,"humi":44}
Tuesday:12/19/2017|13:0:24:587 - [INFO]   - [IoTSmartHome][message]: {"temp":28,"humi":44}
Tuesday:12/19/2017|13:0:24:592 - [INFO]   - [IoTSmartHome][message]: {"temp":28,"humi":44}
Tuesday:12/19/2017|13:0:24:596 - [INFO]   - [IoTSmartHome][message]: {"temp":28,"humi":44}
Tuesday:12/19/2017|13:0:29:604 - [INFO]   - [IoTSmartHome][message]: {"temp":28,"humi":44}
Tuesday:12/19/2017|13:0:34:811 - [INFO]   - [IoTSmartHome][message]: {"temp":28,"humi":44}
Tuesday:12/19/2017|13:0:39:652 - [INFO]   - [IoTSmartHome][message]: {"temp":28,"humi":44}
Tuesday:12/19/2017|13:0:44:624 - [INFO]   - [IoTSmartHome][message]: {"temp":27,"humi":43}
Tuesday:12/19/2017|13:0:49:616 - [INFO]   - [IoTSmartHome][message]: {"temp":27,"humi":44}
Tuesday:12/19/2017|13:0:54:696 - [INFO]   - [IoTSmartHome][message]: {"temp":27,"humi":47}
Tuesday:12/19/2017|13:0:59:916 - [INFO]   - [IoTSmartHome][message]: {"temp":26,"humi":45}
Tuesday:12/19/2017|13:1:27:403 - [INFO]   - [IoTSmartHome][message]: {"temp":28,"humi":44}
Tuesday:12/19/2017|13:1:32:492 - [INFO]   - [IoTSmartHome][message]: {"temp":28,"humi":44}
Tuesday:12/19/2017|13:1:37:715 - [INFO]   - [IoTSmartHome][message]: {"temp":27,"humi":43}
Tuesday:12/19/2017|13:1:42:616 - [INFO]   - [IoTSmartHome][message]: {"temp":27,"humi":44}
Tuesday:12/19/2017|13:1:47:404 - [INFO]   - [IoTSmartHome][message]: {"temp":27,"humi":47}
Tuesday:12/19/2017|13:1:52:448 - [INFO]   - [IoTSmartHome][message]: {"temp":26,"humi":45}
Tuesday:12/19/2017|13:1:57:663 - [INFO]   - [IoTSmartHome][message]: {"temp":27,"humi":47}
Tuesday:12/19/2017|13:2:2:922 - [INFO]   - [IoTSmartHome][message]: {"temp":27,"humi":46}
Tuesday:12/19/2017|13:2:29:202 - [INFO]   - [IoTSmartHome][message]: {"temp":28,"humi":44}
Tuesday:12/19/2017|13:2:34:251 - [INFO]   - [IoTSmartHome][message]: {"temp":28,"humi":44}
Tuesday:12/19/2017|13:2:39:447 - [INFO]   - [IoTSmartHome][message]: {"temp":27,"humi":43}
Tuesday:12/19/2017|13:2:44:206 - [INFO]   - [IoTSmartHome][message]: {"temp":27,"humi":44}
Tuesday:12/19/2017|13:2:49:278 - [INFO]   - [IoTSmartHome][message]: {"temp":27,"humi":47}
Tuesday:12/19/2017|13:2:54:509 - [INFO]   - [IoTSmartHome][message]: {"temp":26,"humi":45}
Tuesday:12/19/2017|13:2:59:493 - [INFO]   - [IoTSmartHome][message]: {"temp":27,"humi":47}
Tuesday:12/19/2017|13:3:4:204 - [INFO]   - [IoTSmartHome][message]: {"temp":27,"humi":46}
Tuesday:12/19/2017|13:3:30:693 - [INFO]   - [IoTSmartHome][message]: {"temp":28,"humi":44}
Tuesday:12/19/2017|13:3:35:974 - [INFO]   - [IoTSmartHome][message]: {"temp":28,"humi":44}
Tuesday:12/19/2017|13:3:40:888 - [INFO]   - [IoTSmartHome][message]: {"temp":28,"humi":44}
Tuesday:12/19/2017|13:3:45:806 - [INFO]   - [IoTSmartHome][message]: {"temp":27,"humi":43}
Tuesday:12/19/2017|13:3:50:707 - [INFO]   - [IoTSmartHome][message]: {"temp":27,"humi":44}
Tuesday:12/19/2017|13:3:55:700 - [INFO]   - [IoTSmartHome][message]: {"temp":27,"humi":47}
Tuesday:12/19/2017|13:4:0:857 - [INFO]   - [IoTSmartHome][message]: {"temp":26,"humi":45}
Tuesday:12/19/2017|13:4:5:698 - [INFO]   - [IoTSmartHome][message]: {"temp":27,"humi":47}
Tuesday:12/19/2017|13:4:47:375 - [INFO]   - [IoTSmartHome][message]: {"temp":26,"humi":45}
Tuesday:12/19/2017|13:4:52:467 - [INFO]   - [IoTSmartHome][message]: {"temp":27,"humi":47}
Tuesday:12/19/2017|13:4:57:997 - [INFO]   - [IoTSmartHome][message]: {"temp":27,"humi":46}
Tuesday:12/19/2017|13:5:2:621 - [INFO]   - [IoTSmartHome][message]: {"temp":27,"humi":46}
Tuesday:12/19/2017|13:5:7:416 - [INFO]   - [IoTSmartHome][message]: {"temp":27,"humi":46}
Tuesday:12/19/2017|13:5:12:437 - [INFO]   - [IoTSmartHome][message]: {"temp":27,"humi":46}
Tuesday:12/19/2017|13:5:17:713 - [INFO]   - [IoTSmartHome][message]: {"temp":27,"humi":46}
Tuesday:12/19/2017|13:5:22:569 - [INFO]   - [IoTSmartHome][message]: {"temp":27,"humi":46}
Tuesday:12/19/2017|13:5:48:802 - [INFO]   - [IoTSmartHome][message]: {"temp":27,"humi":43}
Tuesday:12/19/2017|13:5:53:926 - [INFO]   - [IoTSmartHome][message]: {"temp":27,"humi":44}
Tuesday:12/19/2017|13:5:58:820 - [INFO]   - [IoTSmartHome][message]: {"temp":27,"humi":47}
Tuesday:12/19/2017|13:6:4:54 - [INFO]   - [IoTSmartHome][message]: {"temp":26,"humi":45}
Tuesday:12/19/2017|13:6:8:976 - [INFO]   - [IoTSmartHome][message]: {"temp":27,"humi":47}
Tuesday:12/19/2017|13:6:13:875 - [INFO]   - [IoTSmartHome][message]: {"temp":27,"humi":46}
Tuesday:12/19/2017|13:6:19:105 - [INFO]   - [IoTSmartHome][message]: {"temp":27,"humi":46}
Tuesday:12/19/2017|13:6:23:936 - [INFO]   - [IoTSmartHome][message]: {"temp":27,"humi":46}
Tuesday:12/19/2017|13:7:48:939 - [INFO]   - [IoTSmartHome][message]: 3zwcOlJwRvpvSZ8ZAAAGis disconnected
Tuesday:12/19/2017|13:32:28:362 - [INFO]   - [IoTSmartHome][message]: [INFO]App listen at port: 9898
Tuesday:12/19/2017|13:32:38:103 - [INFO]   - [IoTSmartHome][message]: User is connected. socket id: z-PTahBPZ-GTamz8AAAA
Tuesday:12/19/2017|13:32:59:540 - [INFO]   - [IoTSmartHome][message]: [INFO]App listen at port: 9898
Tuesday:12/19/2017|13:33:8:859 - [INFO]   - [IoTSmartHome][message]: [INFO]App listen at port: 9898
Tuesday:12/19/2017|13:33:9:336 - [INFO]   - [IoTSmartHome][message]: User is connected. socket id: 4KI70mxh1o4T7BXTAAAA
Tuesday:12/19/2017|13:43:14:438 - [INFO]   - [IoTSmartHome][message]: User is connected. socket id: TB_T95UPb--D81KAAAAB
Tuesday:12/19/2017|13:43:34:328 - [INFO]   - [IoTSmartHome][message]: {"temp":25,"humi":50}
Tuesday:12/19/2017|13:43:34:339 - [INFO]   - [IoTSmartHome][message]: {"temp":25,"humi":52}
Tuesday:12/19/2017|13:43:34:347 - [INFO]   - [IoTSmartHome][message]: {"temp":25,"humi":55}
Tuesday:12/19/2017|13:43:34:352 - [INFO]   - [IoTSmartHome][message]: {"temp":25,"humi":56}
Tuesday:12/19/2017|13:43:39:551 - [INFO]   - [IoTSmartHome][message]: {"temp":24,"humi":55}
Tuesday:12/19/2017|13:43:44:460 - [INFO]   - [IoTSmartHome][message]: {"temp":25,"humi":55}
Tuesday:12/19/2017|13:43:49:669 - [INFO]   - [IoTSmartHome][message]: {"temp":25,"humi":55}
Tuesday:12/19/2017|13:43:54:592 - [INFO]   - [IoTSmartHome][message]: {"temp":25,"humi":55}
Tuesday:12/19/2017|13:44:6:837 - [INFO]   - [IoTSmartHome][message]: {"temp":25,"humi":56}
Tuesday:12/19/2017|13:44:12:451 - [INFO]   - [IoTSmartHome][message]: TB_T95UPb--D81KAAAABis disconnected
Tuesday:12/19/2017|13:44:26:314 - [INFO]   - [IoTSmartHome][message]: User is connected. socket id: uDe6j3ALIKJY75TwAAAC
Tuesday:12/19/2017|13:44:46:139 - [INFO]   - [IoTSmartHome][message]: {"temp":26,"humi":60}
Tuesday:12/19/2017|13:44:46:149 - [INFO]   - [IoTSmartHome][message]: {"temp":26,"humi":55}
Tuesday:12/19/2017|13:44:46:164 - [INFO]   - [IoTSmartHome][message]: {"temp":26,"humi":56}
Tuesday:12/19/2017|13:44:46:184 - [INFO]   - [IoTSmartHome][message]: {"temp":26,"humi":56}
Tuesday:12/19/2017|13:44:51:432 - [INFO]   - [IoTSmartHome][message]: {"temp":26,"humi":56}
Tuesday:12/19/2017|13:44:56:334 - [INFO]   - [IoTSmartHome][message]: {"temp":25,"humi":54}
Tuesday:12/19/2017|13:45:1:181 - [INFO]   - [IoTSmartHome][message]: {"temp":27,"humi":55}
Tuesday:12/19/2017|13:45:6:582 - [INFO]   - [IoTSmartHome][message]: {"temp":27,"humi":57}
Tuesday:12/19/2017|13:45:19:80 - [INFO]   - [IoTSmartHome][message]: {"temp":26,"humi":56}
Tuesday:12/19/2017|13:45:23:662 - [INFO]   - [IoTSmartHome][message]: uDe6j3ALIKJY75TwAAACis disconnected
Tuesday:12/19/2017|16:58:44:995 - [INFO]   - [IoTSmartHome][message]: User is connected. socket id: g45u-xMeLOu0NwWjAAAA
Tuesday:12/19/2017|16:59:27:432 - [INFO]   - [IoTSmartHome][message]: g45u-xMeLOu0NwWjAAAAis disconnected
Tuesday:12/19/2017|16:59:34:740 - [INFO]   - [IoTSmartHome][message]: User is connected. socket id: 2mYRsB0Xy1DrryLpAAAB
Tuesday:12/19/2017|16:59:47:174 - [INFO]   - [IoTSmartHome][message]: Setting: false
Tuesday:12/19/2017|16:59:47:178 - [INFO]   - [IoTSmartHome][message]: Setting: true
Tuesday:12/19/2017|17:0:18:762 - [INFO]   - [IoTSmartHome][message]: 2mYRsB0Xy1DrryLpAAABis disconnected
Tuesday:12/19/2017|17:4:17:486 - [INFO]   - [IoTSmartHome][message]: User is connected. socket id: ARFUVthO7j1Lx5UUAAAC
Tuesday:12/19/2017|17:35:4:749 - [INFO]   - [IoTSmartHome][message]: ARFUVthO7j1Lx5UUAAACis disconnected
Tuesday:12/19/2017|17:35:9:66 - [INFO]   - [IoTSmartHome][message]: User is connected. socket id: uVyl8u_mDVpSkbwlAAAD
Tuesday:12/19/2017|17:35:44:176 - [INFO]   - [IoTSmartHome][message]: User is connected. socket id: uVyl8u_mDVpSkbwlAAAD
Tuesday:12/19/2017|17:37:7:949 - [INFO]   - [IoTSmartHome][message]: uVyl8u_mDVpSkbwlAAADis disconnected
Tuesday:12/19/2017|17:37:17:554 - [INFO]   - [IoTSmartHome][message]: User is connected. socket id: q_xPVU7pDezVHl4XAAAE
Tuesday:12/19/2017|17:37:50:966 - [INFO]   - [IoTSmartHome][message]: q_xPVU7pDezVHl4XAAAEis disconnected
Tuesday:12/19/2017|17:38:0:157 - [INFO]   - [IoTSmartHome][message]: User is connected. socket id: XrXm1mQXcBL7aBAGAAAF
Tuesday:12/19/2017|17:38:5:496 - [INFO]   - [IoTSmartHome][message]: XrXm1mQXcBL7aBAGAAAFis disconnected
Tuesday:12/19/2017|17:38:13:19 - [INFO]   - [IoTSmartHome][message]: User is connected. socket id: 1zy5NCc4UL6X7TUtAAAG
Tuesday:12/19/2017|17:38:31:931 - [INFO]   - [IoTSmartHome][message]: 1zy5NCc4UL6X7TUtAAAGis disconnected
Tuesday:12/19/2017|17:38:39:433 - [INFO]   - [IoTSmartHome][message]: User is connected. socket id: IJtKbeII5B2yTb1_AAAH
Tuesday:12/19/2017|17:38:54:768 - [INFO]   - [IoTSmartHome][message]: IJtKbeII5B2yTb1_AAAHis disconnected
Tuesday:12/19/2017|17:39:2:252 - [INFO]   - [IoTSmartHome][message]: User is connected. socket id: WKE5BMQD7B6GvFLZAAAI
Tuesday:12/19/2017|17:39:45:861 - [INFO]   - [IoTSmartHome][message]: WKE5BMQD7B6GvFLZAAAIis disconnected
Tuesday:12/19/2017|17:39:53:320 - [INFO]   - [IoTSmartHome][message]: User is connected. socket id: JEX5mGrTMQHSs9QuAAAJ
Tuesday:12/19/2017|17:41:39:948 - [INFO]   - [IoTSmartHome][message]: JEX5mGrTMQHSs9QuAAAJis disconnected
Tuesday:12/19/2017|17:41:47:485 - [INFO]   - [IoTSmartHome][message]: User is connected. socket id: iRdCVFUeZ8oa3v7MAAAK
Tuesday:12/19/2017|17:54:23:651 - [INFO]   - [IoTSmartHome][message]: iRdCVFUeZ8oa3v7MAAAKis disconnected
Tuesday:12/19/2017|17:54:30:115 - [INFO]   - [IoTSmartHome][message]: User is connected. socket id: abHd2uYMWxaObr75AAAL
Tuesday:12/19/2017|17:55:34:556 - [INFO]   - [IoTSmartHome][message]: abHd2uYMWxaObr75AAALis disconnected
Tuesday:12/19/2017|17:55:44:262 - [INFO]   - [IoTSmartHome][message]: User is connected. socket id: coalDZdmk0Gy79rgAAAM
Tuesday:12/19/2017|17:56:1:37 - [INFO]   - [IoTSmartHome][message]: coalDZdmk0Gy79rgAAAMis disconnected
Wednesday:12/20/2017|11:15:51:262 - [INFO]   - [IoTSmartHome][message]: [INFO]App listen at port: 9898
Wednesday:12/20/2017|11:15:51:588 - [INFO]   - [IoTSmartHome][message]: User is connected. socket id: NRFW-BTWhGilTJ-_AAAA
Wednesday:12/20/2017|11:16:1:131 - [INFO]   - [IoTSmartHome][message]: {"temp":26,"humi":50}
Wednesday:12/20/2017|11:16:1:157 - [INFO]   - [IoTSmartHome][message]: {"temp":26,"humi":50}
Wednesday:12/20/2017|11:16:1:163 - [INFO]   - [IoTSmartHome][message]: {"temp":26,"humi":49}
Wednesday:12/20/2017|11:16:1:170 - [INFO]   - [IoTSmartHome][message]: {"temp":26,"humi":49}
Wednesday:12/20/2017|11:16:6:256 - [INFO]   - [IoTSmartHome][message]: {"temp":25,"humi":49}
Wednesday:12/20/2017|11:16:11:235 - [INFO]   - [IoTSmartHome][message]: {"temp":25,"humi":49}
Wednesday:12/20/2017|11:16:16:182 - [INFO]   - [IoTSmartHome][message]: {"temp":26,"humi":50}
Wednesday:12/20/2017|11:16:21:175 - [INFO]   - [IoTSmartHome][message]: {"temp":26,"humi":50}
Wednesday:12/20/2017|11:16:26:185 - [INFO]   - [IoTSmartHome][message]: {"temp":26,"humi":50}
Wednesday:12/20/2017|11:16:31:179 - [INFO]   - [IoTSmartHome][message]: {"temp":26,"humi":50}
Wednesday:12/20/2017|11:16:36:361 - [INFO]   - [IoTSmartHome][message]: {"temp":26,"humi":50}
Wednesday:12/20/2017|11:17:34:130 - [INFO]   - [IoTSmartHome][message]: NRFW-BTWhGilTJ-_AAAAis disconnected
Wednesday:12/20/2017|11:19:35:203 - [INFO]   - [IoTSmartHome][message]: User is connected. socket id: TG1wapfjduFrcU_zAAAB
Wednesday:12/20/2017|11:19:45:526 - [INFO]   - [IoTSmartHome][message]: {"temp":26,"humi":49}
Wednesday:12/20/2017|11:19:45:541 - [INFO]   - [IoTSmartHome][message]: {"temp":26,"humi":49}
Wednesday:12/20/2017|11:19:45:551 - [INFO]   - [IoTSmartHome][message]: {"temp":26,"humi":50}
Wednesday:12/20/2017|11:19:45:565 - [INFO]   - [IoTSmartHome][message]: {"temp":26,"humi":50}
Wednesday:12/20/2017|11:19:50:557 - [INFO]   - [IoTSmartHome][message]: {"temp":26,"humi":51}
Wednesday:12/20/2017|11:19:55:713 - [INFO]   - [IoTSmartHome][message]: {"temp":26,"humi":51}
Wednesday:12/20/2017|11:20:7:85 - [INFO]   - [IoTSmartHome][message]: {"temp":26,"humi":50}
Wednesday:12/20/2017|11:20:12:301 - [INFO]   - [IoTSmartHome][message]: TG1wapfjduFrcU_zAAABis disconnected
Wednesday:12/20/2017|11:23:25:220 - [INFO]   - [IoTSmartHome][message]: User is connected. socket id: UmF7c2MlCsAvgiQlAAAC
Wednesday:12/20/2017|11:23:35:69 - [INFO]   - [IoTSmartHome][message]: {"temp":26,"humi":50}
Wednesday:12/20/2017|11:23:35:81 - [INFO]   - [IoTSmartHome][message]: {"temp":26,"humi":51}
Wednesday:12/20/2017|11:23:35:85 - [INFO]   - [IoTSmartHome][message]: {"temp":26,"humi":51}
Wednesday:12/20/2017|11:23:35:92 - [INFO]   - [IoTSmartHome][message]: {"temp":26,"humi":51}
Wednesday:12/20/2017|11:23:40:97 - [INFO]   - [IoTSmartHome][message]: {"temp":25,"humi":48}
Wednesday:12/20/2017|11:23:45:186 - [INFO]   - [IoTSmartHome][message]: {"temp":26,"humi":48}
Wednesday:12/20/2017|11:23:50:240 - [INFO]   - [IoTSmartHome][message]: {"temp":26,"humi":48}
Wednesday:12/20/2017|11:23:55:219 - [INFO]   - [IoTSmartHome][message]: {"temp":26,"humi":48}
Wednesday:12/20/2017|11:24:0:239 - [INFO]   - [IoTSmartHome][message]: {"temp":26,"humi":48}
Wednesday:12/20/2017|11:24:5:97 - [INFO]   - [IoTSmartHome][message]: {"temp":26,"humi":48}
Wednesday:12/20/2017|11:24:10:372 - [INFO]   - [IoTSmartHome][message]: {"temp":26,"humi":49}
Wednesday:12/20/2017|11:24:29:61 - [INFO]   - [IoTSmartHome][message]: UmF7c2MlCsAvgiQlAAACis disconnected
Wednesday:12/20/2017|11:27:37:929 - [INFO]   - [IoTSmartHome][message]: User is connected. socket id: ozEnUFC-I9Jhv1UQAAAD
Wednesday:12/20/2017|11:27:47:576 - [INFO]   - [IoTSmartHome][message]: {"temp":26,"humi":51}
Wednesday:12/20/2017|11:27:47:585 - [INFO]   - [IoTSmartHome][message]: {"temp":25,"humi":48}
Wednesday:12/20/2017|11:27:47:605 - [INFO]   - [IoTSmartHome][message]: {"temp":26,"humi":48}
Wednesday:12/20/2017|11:27:47:622 - [INFO]   - [IoTSmartHome][message]: {"temp":26,"humi":48}
Wednesday:12/20/2017|11:27:52:621 - [INFO]   - [IoTSmartHome][message]: {"temp":26,"humi":48}
Wednesday:12/20/2017|11:27:57:809 - [INFO]   - [IoTSmartHome][message]: {"temp":26,"humi":48}
Wednesday:12/20/2017|11:28:2:674 - [INFO]   - [IoTSmartHome][message]: {"temp":26,"humi":48}
Wednesday:12/20/2017|11:28:7:843 - [INFO]   - [IoTSmartHome][message]: {"temp":26,"humi":49}
Wednesday:12/20/2017|11:28:12:756 - [INFO]   - [IoTSmartHome][message]: {"temp":25,"humi":48}
Wednesday:12/20/2017|11:28:17:680 - [INFO]   - [IoTSmartHome][message]: {"temp":27,"humi":49}
Wednesday:12/20/2017|11:28:22:626 - [INFO]   - [IoTSmartHome][message]: {"temp":27,"humi":49}
Wednesday:12/20/2017|11:29:6:823 - [INFO]   - [IoTSmartHome][message]: ozEnUFC-I9Jhv1UQAAADis disconnected
Wednesday:12/20/2017|11:33:26:185 - [INFO]   - [IoTSmartHome][message]: User is connected. socket id: UiJTT36asPJtycNuAAAE
Wednesday:12/20/2017|11:33:35:493 - [INFO]   - [IoTSmartHome][message]: {"temp":26,"humi":48}
Wednesday:12/20/2017|11:33:35:497 - [INFO]   - [IoTSmartHome][message]: {"temp":26,"humi":48}
Wednesday:12/20/2017|11:33:35:502 - [INFO]   - [IoTSmartHome][message]: {"temp":26,"humi":48}
Wednesday:12/20/2017|11:33:35:508 - [INFO]   - [IoTSmartHome][message]: {"temp":26,"humi":48}
Wednesday:12/20/2017|11:33:40:542 - [INFO]   - [IoTSmartHome][message]: {"temp":26,"humi":49}
Wednesday:12/20/2017|11:33:45:527 - [INFO]   - [IoTSmartHome][message]: {"temp":25,"humi":48}
Wednesday:12/20/2017|11:33:50:696 - [INFO]   - [IoTSmartHome][message]: {"temp":27,"humi":49}
Wednesday:12/20/2017|11:33:55:524 - [INFO]   - [IoTSmartHome][message]: {"temp":27,"humi":49}
Wednesday:12/20/2017|11:34:0:590 - [INFO]   - [IoTSmartHome][message]: {"temp":26,"humi":50}
Wednesday:12/20/2017|11:34:5:735 - [INFO]   - [IoTSmartHome][message]: {"temp":26,"humi":50}
Wednesday:12/20/2017|11:34:10:652 - [INFO]   - [IoTSmartHome][message]: {"temp":26,"humi":51}
Wednesday:12/20/2017|11:34:37:654 - [INFO]   - [IoTSmartHome][message]: UiJTT36asPJtycNuAAAEis disconnected
Wednesday:12/20/2017|11:40:39:273 - [INFO]   - [IoTSmartHome][message]: User is connected. socket id: DGEdfnodSfaoxmSnAAAF
Wednesday:12/20/2017|11:40:48:585 - [INFO]   - [IoTSmartHome][message]: {"temp":26,"humi":48}
Wednesday:12/20/2017|11:40:48:590 - [INFO]   - [IoTSmartHome][message]: {"temp":26,"humi":49}
Wednesday:12/20/2017|11:40:48:605 - [INFO]   - [IoTSmartHome][message]: {"temp":25,"humi":48}
Wednesday:12/20/2017|11:40:48:611 - [INFO]   - [IoTSmartHome][message]: {"temp":27,"humi":49}
Wednesday:12/20/2017|11:40:53:699 - [INFO]   - [IoTSmartHome][message]: {"temp":27,"humi":49}
Wednesday:12/20/2017|11:40:58:653 - [INFO]   - [IoTSmartHome][message]: {"temp":26,"humi":50}
Wednesday:12/20/2017|11:41:3:733 - [INFO]   - [IoTSmartHome][message]: {"temp":26,"humi":50}
Wednesday:12/20/2017|11:41:8:751 - [INFO]   - [IoTSmartHome][message]: {"temp":26,"humi":51}
Wednesday:12/20/2017|11:41:13:982 - [INFO]   - [IoTSmartHome][message]: {"temp":26,"humi":51}
Wednesday:12/20/2017|11:41:18:891 - [INFO]   - [IoTSmartHome][message]: {"temp":27,"humi":51}
Wednesday:12/20/2017|11:41:23:620 - [INFO]   - [IoTSmartHome][message]: {"temp":27,"humi":51}
Wednesday:12/20/2017|11:42:46:551 - [INFO]   - [IoTSmartHome][message]: {"temp":27,"humi":49}
Wednesday:12/20/2017|11:42:51:517 - [INFO]   - [IoTSmartHome][message]: {"temp":27,"humi":49}
Wednesday:12/20/2017|11:42:56:552 - [INFO]   - [IoTSmartHome][message]: {"temp":26,"humi":50}
Wednesday:12/20/2017|11:43:1:529 - [INFO]   - [IoTSmartHome][message]: {"temp":26,"humi":50}
Wednesday:12/20/2017|11:43:6:590 - [INFO]   - [IoTSmartHome][message]: {"temp":26,"humi":51}
Wednesday:12/20/2017|11:43:11:521 - [INFO]   - [IoTSmartHome][message]: {"temp":26,"humi":51}
Wednesday:12/20/2017|11:43:16:737 - [INFO]   - [IoTSmartHome][message]: {"temp":27,"humi":51}
Wednesday:12/20/2017|11:43:21:817 - [INFO]   - [IoTSmartHome][message]: {"temp":27,"humi":51}
Wednesday:12/20/2017|11:44:30:620 - [INFO]   - [IoTSmartHome][message]: User is connected. socket id: rqy6Zd-mpyURjrTdAAAG
Wednesday:12/20/2017|11:44:32:396 - [INFO]   - [IoTSmartHome][message]: DGEdfnodSfaoxmSnAAAFis disconnected
Wednesday:12/20/2017|11:44:39:889 - [INFO]   - [IoTSmartHome][message]: {"temp":27,"humi":49}
Wednesday:12/20/2017|11:44:39:956 - [INFO]   - [IoTSmartHome][message]: {"temp":27,"humi":49}
Wednesday:12/20/2017|11:44:40:18 - [INFO]   - [IoTSmartHome][message]: {"temp":26,"humi":50}
Wednesday:12/20/2017|11:44:40:84 - [INFO]   - [IoTSmartHome][message]: {"temp":26,"humi":50}
Wednesday:12/20/2017|11:44:45:28 - [INFO]   - [IoTSmartHome][message]: {"temp":26,"humi":51}
Wednesday:12/20/2017|11:44:50:295 - [INFO]   - [IoTSmartHome][message]: {"temp":26,"humi":51}
Wednesday:12/20/2017|11:44:55:28 - [INFO]   - [IoTSmartHome][message]: {"temp":27,"humi":51}
Wednesday:12/20/2017|11:45:0:106 - [INFO]   - [IoTSmartHome][message]: {"temp":27,"humi":51}
Wednesday:12/20/2017|11:45:5:30 - [INFO]   - [IoTSmartHome][message]: {"temp":26,"humi":51}
Wednesday:12/20/2017|11:45:10:192 - [INFO]   - [IoTSmartHome][message]: {"temp":26,"humi":51}
Wednesday:12/20/2017|11:45:15:37 - [INFO]   - [IoTSmartHome][message]: {"temp":26,"humi":51}
Wednesday:12/20/2017|11:46:40:42 - [INFO]   - [IoTSmartHome][message]: rqy6Zd-mpyURjrTdAAAGis disconnected
